------------------------------------------------------------------------------------------------------------------------

[2021-10-19 10:00:44 #1 store] 
Database 'C:\Users\Sleekbook\Desktop\probaProiektua\Bets\Bets-master\src\main\resources\bets.temp' is opened by 10972@Hp

[2021-10-19 10:00:45 #2 type.registry] 
New type domain.User

[2021-10-19 10:00:45 #3 type] 
Type domain.User is not enhanced.

[2021-10-19 10:00:45 #4 type.registry] 
New type domain.Bezeroa

[2021-10-19 10:00:45 #5 type] 
Type domain.Bezeroa is not enhanced.

[2021-10-19 10:00:45 #6 type.registry] 
New type domain.Copy

[2021-10-19 10:00:45 #7 type.registry] 
New type java.util.Vector<domain.Copy>

[2021-10-19 10:00:45 #8 type.registry] 
New type domain.Transaction

[2021-10-19 10:00:45 #9 type.registry] 
New type java.util.Vector<domain.Transaction>

[2021-10-19 10:00:45 #10 type] 
Type domain.Copy is not enhanced.

[2021-10-19 10:00:45 #11 type] 
Type domain.Transaction is not enhanced.

[2021-10-19 10:00:45 #12 type.registry] 
New type java.util.Vector<java.lang.Object>

[2021-10-19 10:00:45 #13 type.registry] 
New type domain.TCashInOut

[2021-10-19 10:00:45 #14 type] 
Type domain.TCashInOut is not enhanced.

------------------------------------------------------------------------------------------------------------------------

[2021-10-19 10:03:24 #1 store] 
Database 'C:\Users\Sleekbook\Desktop\probaProiektua\Bets\Bets-master\src\main\resources\bets.temp' is opened by 11772@Hp

[2021-10-19 10:03:24 #2 type.registry] 
New type domain.User

[2021-10-19 10:03:24 #3 type] 
Type domain.User is not enhanced.

[2021-10-19 10:03:24 #4 type.registry] 
New type domain.Bezeroa

[2021-10-19 10:03:24 #5 type] 
Type domain.Bezeroa is not enhanced.

[2021-10-19 10:03:24 #6 type.registry] 
New type domain.Copy

[2021-10-19 10:03:25 #7 type.registry] 
New type java.util.Vector<domain.Copy>

[2021-10-19 10:03:25 #8 type.registry] 
New type domain.Transaction

[2021-10-19 10:03:25 #9 type.registry] 
New type java.util.Vector<domain.Transaction>

[2021-10-19 10:03:25 #10 type] 
Type domain.Copy is not enhanced.

[2021-10-19 10:03:25 #11 type] 
Type domain.Transaction is not enhanced.

[2021-10-19 10:03:25 #12 type.registry] 
New type java.util.Vector<java.lang.Object>

[2021-10-19 10:03:25 #13 type.registry] 
New type domain.TCashInOut

[2021-10-19 10:03:25 #14 type] 
Type domain.TCashInOut is not enhanced.

------------------------------------------------------------------------------------------------------------------------

[2021-10-19 10:06:00 #1 store] 
Database 'C:\Users\Sleekbook\Desktop\probaProiektua\Bets\Bets-master\src\main\resources\bets.temp' is opened by 8160@Hp

[2021-10-19 10:06:00 #2 type.registry] 
New type domain.User

[2021-10-19 10:06:00 #3 type] 
Type domain.User is not enhanced.

[2021-10-19 10:06:00 #4 type.registry] 
New type domain.Bezeroa

[2021-10-19 10:06:00 #5 type] 
Type domain.Bezeroa is not enhanced.

[2021-10-19 10:06:00 #6 type.registry] 
New type domain.Copy

[2021-10-19 10:06:00 #7 type.registry] 
New type java.util.Vector<domain.Copy>

[2021-10-19 10:06:00 #8 type.registry] 
New type domain.Transaction

[2021-10-19 10:06:00 #9 type.registry] 
New type java.util.Vector<domain.Transaction>

[2021-10-19 10:06:00 #10 type] 
Type domain.Copy is not enhanced.

[2021-10-19 10:06:00 #11 type] 
Type domain.Transaction is not enhanced.

[2021-10-19 10:06:00 #12 type.registry] 
New type java.util.Vector<java.lang.Object>

[2021-10-19 10:06:00 #13 type.registry] 
New type domain.TCashInOut

[2021-10-19 10:06:00 #14 type] 
Type domain.TCashInOut is not enhanced.

------------------------------------------------------------------------------------------------------------------------

[2021-10-19 10:06:18 #1 store] 
Database 'C:\Users\Sleekbook\Desktop\probaProiektua\Bets\Bets-master\src\main\resources\bets.temp' is opened by 11012@Hp

[2021-10-19 10:06:19 #2 type.registry] 
New type domain.User

[2021-10-19 10:06:19 #3 type] 
Type domain.User is not enhanced.

[2021-10-19 10:06:19 #4 type.registry] 
New type domain.Bezeroa

[2021-10-19 10:06:19 #5 type] 
Type domain.Bezeroa is not enhanced.

[2021-10-19 10:06:19 #6 type.registry] 
New type domain.Copy

[2021-10-19 10:06:19 #7 type.registry] 
New type java.util.Vector<domain.Copy>

[2021-10-19 10:06:19 #8 type.registry] 
New type domain.Transaction

[2021-10-19 10:06:19 #9 type.registry] 
New type java.util.Vector<domain.Transaction>

[2021-10-19 10:06:19 #10 type] 
Type domain.Copy is not enhanced.

[2021-10-19 10:06:19 #11 type] 
Type domain.Transaction is not enhanced.

[2021-10-19 10:06:19 #12 type.registry] 
New type java.util.Vector<java.lang.Object>

[2021-10-19 10:06:19 #13 type.registry] 
New type domain.TCashInOut

[2021-10-19 10:06:19 #14 type] 
Type domain.TCashInOut is not enhanced.

------------------------------------------------------------------------------------------------------------------------

[2021-10-19 10:07:07 #1 store] 
Database 'C:\Users\Sleekbook\Desktop\probaProiektua\Bets\Bets-master\src\main\resources\bets.temp' is opened by 11100@Hp

[2021-10-19 10:07:07 #2 type.registry] 
New type domain.User

[2021-10-19 10:07:07 #3 type] 
Type domain.User is not enhanced.

[2021-10-19 10:07:07 #4 type.registry] 
New type domain.Bezeroa

[2021-10-19 10:07:07 #5 type] 
Type domain.Bezeroa is not enhanced.

[2021-10-19 10:07:07 #6 type.registry] 
New type domain.Copy

[2021-10-19 10:07:07 #7 type.registry] 
New type java.util.Vector<domain.Copy>

[2021-10-19 10:07:07 #8 type.registry] 
New type domain.Transaction

[2021-10-19 10:07:07 #9 type.registry] 
New type java.util.Vector<domain.Transaction>

[2021-10-19 10:07:07 #10 type] 
Type domain.Copy is not enhanced.

[2021-10-19 10:07:07 #11 type] 
Type domain.Transaction is not enhanced.

[2021-10-19 10:07:07 #12 type.registry] 
New type java.util.Vector<java.lang.Object>

------------------------------------------------------------------------------------------------------------------------

[2021-10-19 10:07:17 #1 store] 
Database 'C:\Users\Sleekbook\Desktop\probaProiektua\Bets\Bets-master\src\main\resources\bets.temp' is opened by 11148@Hp

[2021-10-19 10:07:18 #2 type.registry] 
New type domain.User

[2021-10-19 10:07:18 #3 type] 
Type domain.User is not enhanced.

[2021-10-19 10:07:18 #4 type.registry] 
New type domain.Bezeroa

[2021-10-19 10:07:18 #5 type] 
Type domain.Bezeroa is not enhanced.

[2021-10-19 10:07:18 #6 type.registry] 
New type domain.Copy

[2021-10-19 10:07:18 #7 type.registry] 
New type java.util.Vector<domain.Copy>

[2021-10-19 10:07:18 #8 type.registry] 
New type domain.Transaction

[2021-10-19 10:07:18 #9 type.registry] 
New type java.util.Vector<domain.Transaction>

[2021-10-19 10:07:18 #10 type] 
Type domain.Copy is not enhanced.

[2021-10-19 10:07:18 #11 type] 
Type domain.Transaction is not enhanced.

[2021-10-19 10:07:18 #12 type.registry] 
New type java.util.Vector<java.lang.Object>

------------------------------------------------------------------------------------------------------------------------

[2021-10-19 10:08:10 #1 store] 
Database 'C:\Users\Sleekbook\Desktop\probaProiektua\Bets\Bets-master\src\main\resources\bets.temp' is opened by 6024@Hp

[2021-10-19 10:08:10 #2 type.registry] 
New type domain.User

[2021-10-19 10:08:10 #3 type] 
Type domain.User is not enhanced.

[2021-10-19 10:08:10 #4 type.registry] 
New type domain.Bezeroa

[2021-10-19 10:08:10 #5 type] 
Type domain.Bezeroa is not enhanced.

[2021-10-19 10:08:10 #6 type.registry] 
New type domain.Copy

[2021-10-19 10:08:10 #7 type.registry] 
New type java.util.Vector<domain.Copy>

[2021-10-19 10:08:10 #8 type.registry] 
New type domain.Transaction

[2021-10-19 10:08:10 #9 type.registry] 
New type java.util.Vector<domain.Transaction>

[2021-10-19 10:08:10 #10 type] 
Type domain.Copy is not enhanced.

[2021-10-19 10:08:10 #11 type] 
Type domain.Transaction is not enhanced.

[2021-10-19 10:08:10 #12 type.registry] 
New type java.util.Vector<java.lang.Object>

------------------------------------------------------------------------------------------------------------------------

[2021-10-19 10:08:19 #1 store] 
Database 'C:\Users\Sleekbook\Desktop\probaProiektua\Bets\Bets-master\src\main\resources\bets.temp' is opened by 5228@Hp

[2021-10-19 10:08:20 #2 type.registry] 
New type domain.User

[2021-10-19 10:08:20 #3 type] 
Type domain.User is not enhanced.

[2021-10-19 10:08:20 #4 type.registry] 
New type domain.Bezeroa

[2021-10-19 10:08:20 #5 type] 
Type domain.Bezeroa is not enhanced.

[2021-10-19 10:08:20 #6 type.registry] 
New type domain.Copy

[2021-10-19 10:08:20 #7 type.registry] 
New type java.util.Vector<domain.Copy>

[2021-10-19 10:08:20 #8 type.registry] 
New type domain.Transaction

[2021-10-19 10:08:20 #9 type.registry] 
New type java.util.Vector<domain.Transaction>

[2021-10-19 10:08:20 #10 type] 
Type domain.Copy is not enhanced.

[2021-10-19 10:08:20 #11 type] 
Type domain.Transaction is not enhanced.

[2021-10-19 10:08:20 #12 type.registry] 
New type java.util.Vector<java.lang.Object>

------------------------------------------------------------------------------------------------------------------------

[2021-10-19 10:10:25 #1 store] 
Database 'C:\Users\Sleekbook\Desktop\probaProiektua\Bets\Bets-master\src\main\resources\bets.temp' is opened by 9832@Hp

[2021-10-19 10:10:25 #2 type.registry] 
New type domain.User

[2021-10-19 10:10:25 #3 type] 
Type domain.User is not enhanced.

[2021-10-19 10:10:26 #4 type.registry] 
New type domain.Bezeroa

[2021-10-19 10:10:26 #5 type] 
Type domain.Bezeroa is not enhanced.

[2021-10-19 10:10:26 #6 type.registry] 
New type domain.Copy

[2021-10-19 10:10:26 #7 type.registry] 
New type java.util.Vector<domain.Copy>

[2021-10-19 10:10:26 #8 type.registry] 
New type domain.Transaction

[2021-10-19 10:10:26 #9 type.registry] 
New type java.util.Vector<domain.Transaction>

[2021-10-19 10:10:26 #10 type] 
Type domain.Copy is not enhanced.

[2021-10-19 10:10:26 #11 type] 
Type domain.Transaction is not enhanced.

[2021-10-19 10:10:26 #12 type.registry] 
New type java.util.Vector<java.lang.Object>

------------------------------------------------------------------------------------------------------------------------

[2021-10-19 10:10:34 #1 store] 
Database 'C:\Users\Sleekbook\Desktop\probaProiektua\Bets\Bets-master\src\main\resources\bets.temp' is opened by 2360@Hp

[2021-10-19 10:10:34 #2 type.registry] 
New type domain.User

[2021-10-19 10:10:34 #3 type] 
Type domain.User is not enhanced.

[2021-10-19 10:10:35 #4 type.registry] 
New type domain.Bezeroa

[2021-10-19 10:10:35 #5 type] 
Type domain.Bezeroa is not enhanced.

[2021-10-19 10:10:35 #6 type.registry] 
New type domain.Copy

[2021-10-19 10:10:35 #7 type.registry] 
New type java.util.Vector<domain.Copy>

[2021-10-19 10:10:35 #8 type.registry] 
New type domain.Transaction

[2021-10-19 10:10:35 #9 type.registry] 
New type java.util.Vector<domain.Transaction>

[2021-10-19 10:10:35 #10 type] 
Type domain.Copy is not enhanced.

[2021-10-19 10:10:35 #11 type] 
Type domain.Transaction is not enhanced.

[2021-10-19 10:10:35 #12 type.registry] 
New type java.util.Vector<java.lang.Object>

------------------------------------------------------------------------------------------------------------------------

[2021-10-19 10:11:38 #1 store] 
Database 'C:\Users\Sleekbook\Desktop\probaProiektua\Bets\Bets-master\src\main\resources\bets.temp' is opened by 10988@Hp

[2021-10-19 10:11:38 #2 type.registry] 
New type domain.User

[2021-10-19 10:11:38 #3 type] 
Type domain.User is not enhanced.

[2021-10-19 10:11:38 #4 type.registry] 
New type domain.Bezeroa

[2021-10-19 10:11:38 #5 type] 
Type domain.Bezeroa is not enhanced.

[2021-10-19 10:11:38 #6 type.registry] 
New type domain.Copy

[2021-10-19 10:11:38 #7 type.registry] 
New type java.util.Vector<domain.Copy>

[2021-10-19 10:11:38 #8 type.registry] 
New type domain.Transaction

[2021-10-19 10:11:38 #9 type.registry] 
New type java.util.Vector<domain.Transaction>

[2021-10-19 10:11:38 #10 type] 
Type domain.Copy is not enhanced.

[2021-10-19 10:11:38 #11 type] 
Type domain.Transaction is not enhanced.

[2021-10-19 10:11:38 #12 type.registry] 
New type java.util.Vector<java.lang.Object>

[2021-10-19 10:11:38 #13 type.registry] 
New type domain.TCashInOut

[2021-10-19 10:11:38 #14 type] 
Type domain.TCashInOut is not enhanced.

------------------------------------------------------------------------------------------------------------------------

[2021-10-19 10:12:45 #1 store] 
Database 'C:\Users\Sleekbook\Desktop\probaProiektua\Bets\Bets-master\src\main\resources\bets.temp' is opened by 1300@Hp

[2021-10-19 10:12:45 #2 type.registry] 
New type domain.User

[2021-10-19 10:12:45 #3 type] 
Type domain.User is not enhanced.

[2021-10-19 10:12:45 #4 type.registry] 
New type domain.Bezeroa

[2021-10-19 10:12:45 #5 type] 
Type domain.Bezeroa is not enhanced.

[2021-10-19 10:12:45 #6 type.registry] 
New type domain.Copy

[2021-10-19 10:12:45 #7 type.registry] 
New type java.util.Vector<domain.Copy>

[2021-10-19 10:12:45 #8 type.registry] 
New type domain.Transaction

[2021-10-19 10:12:45 #9 type.registry] 
New type java.util.Vector<domain.Transaction>

[2021-10-19 10:12:45 #10 type] 
Type domain.Copy is not enhanced.

[2021-10-19 10:12:45 #11 type] 
Type domain.Transaction is not enhanced.

[2021-10-19 10:12:45 #12 type.registry] 
New type java.util.Vector<java.lang.Object>

[2021-10-19 10:12:45 #13 type.registry] 
New type domain.TCashInOut

[2021-10-19 10:12:45 #14 type] 
Type domain.TCashInOut is not enhanced.

------------------------------------------------------------------------------------------------------------------------

[2021-10-19 10:12:54 #1 store] 
Database 'C:\Users\Sleekbook\Desktop\probaProiektua\Bets\Bets-master\src\main\resources\bets.temp' is opened by 11220@Hp

[2021-10-19 10:12:54 #2 type.registry] 
New type domain.User

[2021-10-19 10:12:54 #3 type] 
Type domain.User is not enhanced.

[2021-10-19 10:12:54 #4 type.registry] 
New type domain.Bezeroa

[2021-10-19 10:12:54 #5 type] 
Type domain.Bezeroa is not enhanced.

[2021-10-19 10:12:54 #6 type.registry] 
New type domain.Copy

[2021-10-19 10:12:54 #7 type.registry] 
New type java.util.Vector<domain.Copy>

[2021-10-19 10:12:54 #8 type.registry] 
New type domain.Transaction

[2021-10-19 10:12:54 #9 type.registry] 
New type java.util.Vector<domain.Transaction>

[2021-10-19 10:12:54 #10 type] 
Type domain.Copy is not enhanced.

[2021-10-19 10:12:54 #11 type] 
Type domain.Transaction is not enhanced.

[2021-10-19 10:12:54 #12 type.registry] 
New type java.util.Vector<java.lang.Object>

[2021-10-19 10:12:54 #13 type.registry] 
New type domain.TCashInOut

[2021-10-19 10:12:54 #14 type] 
Type domain.TCashInOut is not enhanced.

------------------------------------------------------------------------------------------------------------------------

[2021-10-19 10:13:29 #1 store] 
Database 'C:\Users\Sleekbook\Desktop\probaProiektua\Bets\Bets-master\src\main\resources\bets.temp' is opened by 11772@Hp

[2021-10-19 10:13:29 #2 type.registry] 
New type domain.User

[2021-10-19 10:13:29 #3 type] 
Type domain.User is not enhanced.

[2021-10-19 10:13:29 #4 type.registry] 
New type domain.Bezeroa

[2021-10-19 10:13:29 #5 type] 
Type domain.Bezeroa is not enhanced.

[2021-10-19 10:13:29 #6 type.registry] 
New type domain.Copy

[2021-10-19 10:13:29 #7 type.registry] 
New type java.util.Vector<domain.Copy>

[2021-10-19 10:13:29 #8 type.registry] 
New type domain.Transaction

[2021-10-19 10:13:29 #9 type.registry] 
New type java.util.Vector<domain.Transaction>

[2021-10-19 10:13:29 #10 type] 
Type domain.Copy is not enhanced.

[2021-10-19 10:13:29 #11 type] 
Type domain.Transaction is not enhanced.

[2021-10-19 10:13:29 #12 type.registry] 
New type java.util.Vector<java.lang.Object>

[2021-10-19 10:13:29 #13 type.registry] 
New type domain.TCashInOut

[2021-10-19 10:13:29 #14 type] 
Type domain.TCashInOut is not enhanced.

------------------------------------------------------------------------------------------------------------------------

[2021-10-19 10:13:36 #1 store] 
Database 'C:\Users\Sleekbook\Desktop\probaProiektua\Bets\Bets-master\src\main\resources\bets.temp' is opened by 10496@Hp

[2021-10-19 10:13:37 #2 type.registry] 
New type domain.User

[2021-10-19 10:13:37 #3 type] 
Type domain.User is not enhanced.

[2021-10-19 10:13:37 #4 type.registry] 
New type domain.Bezeroa

[2021-10-19 10:13:37 #5 type] 
Type domain.Bezeroa is not enhanced.

[2021-10-19 10:13:37 #6 type.registry] 
New type domain.Copy

[2021-10-19 10:13:37 #7 type.registry] 
New type java.util.Vector<domain.Copy>

[2021-10-19 10:13:37 #8 type.registry] 
New type domain.Transaction

[2021-10-19 10:13:37 #9 type.registry] 
New type java.util.Vector<domain.Transaction>

[2021-10-19 10:13:37 #10 type] 
Type domain.Copy is not enhanced.

[2021-10-19 10:13:37 #11 type] 
Type domain.Transaction is not enhanced.

[2021-10-19 10:13:37 #12 type.registry] 
New type java.util.Vector<java.lang.Object>

[2021-10-19 10:13:37 #13 type.registry] 
New type domain.TCashInOut

[2021-10-19 10:13:37 #14 type] 
Type domain.TCashInOut is not enhanced.

------------------------------------------------------------------------------------------------------------------------

[2021-10-19 10:13:53 #1 store] 
Database 'C:\Users\Sleekbook\Desktop\probaProiektua\Bets\Bets-master\src\main\resources\bets.temp' is opened by 11156@Hp

[2021-10-19 10:13:54 #2 type.registry] 
New type domain.User

[2021-10-19 10:13:54 #3 type] 
Type domain.User is not enhanced.

[2021-10-19 10:13:54 #4 type.registry] 
New type domain.Bezeroa

[2021-10-19 10:13:54 #5 type] 
Type domain.Bezeroa is not enhanced.

[2021-10-19 10:13:54 #6 type.registry] 
New type domain.Copy

[2021-10-19 10:13:54 #7 type.registry] 
New type java.util.Vector<domain.Copy>

[2021-10-19 10:13:54 #8 type.registry] 
New type domain.Transaction

[2021-10-19 10:13:54 #9 type.registry] 
New type java.util.Vector<domain.Transaction>

[2021-10-19 10:13:54 #10 type] 
Type domain.Copy is not enhanced.

[2021-10-19 10:13:54 #11 type] 
Type domain.Transaction is not enhanced.

[2021-10-19 10:13:54 #12 type.registry] 
New type java.util.Vector<java.lang.Object>

[2021-10-19 10:13:54 #13 type.registry] 
New type domain.TCashInOut

[2021-10-19 10:13:54 #14 type] 
Type domain.TCashInOut is not enhanced.

------------------------------------------------------------------------------------------------------------------------

[2021-10-19 10:14:02 #1 store] 
Database 'C:\Users\Sleekbook\Desktop\probaProiektua\Bets\Bets-master\src\main\resources\bets.temp' is opened by 8188@Hp

[2021-10-19 10:14:03 #2 type.registry] 
New type domain.User

[2021-10-19 10:14:03 #3 type] 
Type domain.User is not enhanced.

[2021-10-19 10:14:03 #4 type.registry] 
New type domain.Bezeroa

[2021-10-19 10:14:03 #5 type] 
Type domain.Bezeroa is not enhanced.

[2021-10-19 10:14:03 #6 type.registry] 
New type domain.Copy

[2021-10-19 10:14:03 #7 type.registry] 
New type java.util.Vector<domain.Copy>

[2021-10-19 10:14:03 #8 type.registry] 
New type domain.Transaction

[2021-10-19 10:14:03 #9 type.registry] 
New type java.util.Vector<domain.Transaction>

[2021-10-19 10:14:03 #10 type] 
Type domain.Copy is not enhanced.

[2021-10-19 10:14:03 #11 type] 
Type domain.Transaction is not enhanced.

[2021-10-19 10:14:03 #12 type.registry] 
New type java.util.Vector<java.lang.Object>

[2021-10-19 10:14:03 #13 type.registry] 
New type domain.TCashInOut

[2021-10-19 10:14:03 #14 type] 
Type domain.TCashInOut is not enhanced.

------------------------------------------------------------------------------------------------------------------------

[2021-10-19 10:14:23 #1 store] 
Database 'C:\Users\Sleekbook\Desktop\probaProiektua\Bets\Bets-master\src\main\resources\bets.temp' is opened by 10372@Hp

[2021-10-19 10:14:23 #2 type.registry] 
New type domain.User

[2021-10-19 10:14:23 #3 type] 
Type domain.User is not enhanced.

[2021-10-19 10:14:23 #4 type.registry] 
New type domain.Bezeroa

[2021-10-19 10:14:23 #5 type] 
Type domain.Bezeroa is not enhanced.

[2021-10-19 10:14:23 #6 type.registry] 
New type domain.Copy

[2021-10-19 10:14:23 #7 type.registry] 
New type java.util.Vector<domain.Copy>

[2021-10-19 10:14:23 #8 type.registry] 
New type domain.Transaction

[2021-10-19 10:14:23 #9 type.registry] 
New type java.util.Vector<domain.Transaction>

[2021-10-19 10:14:23 #10 type] 
Type domain.Copy is not enhanced.

[2021-10-19 10:14:23 #11 type] 
Type domain.Transaction is not enhanced.

[2021-10-19 10:14:23 #12 type.registry] 
New type java.util.Vector<java.lang.Object>

------------------------------------------------------------------------------------------------------------------------

[2021-10-19 10:14:32 #1 store] 
Database 'C:\Users\Sleekbook\Desktop\probaProiektua\Bets\Bets-master\src\main\resources\bets.temp' is opened by 6576@Hp

[2021-10-19 10:14:32 #2 type.registry] 
New type domain.User

[2021-10-19 10:14:32 #3 type] 
Type domain.User is not enhanced.

[2021-10-19 10:14:32 #4 type.registry] 
New type domain.Bezeroa

[2021-10-19 10:14:32 #5 type] 
Type domain.Bezeroa is not enhanced.

[2021-10-19 10:14:32 #6 type.registry] 
New type domain.Copy

[2021-10-19 10:14:32 #7 type.registry] 
New type java.util.Vector<domain.Copy>

[2021-10-19 10:14:32 #8 type.registry] 
New type domain.Transaction

[2021-10-19 10:14:32 #9 type.registry] 
New type java.util.Vector<domain.Transaction>

[2021-10-19 10:14:32 #10 type] 
Type domain.Copy is not enhanced.

[2021-10-19 10:14:32 #11 type] 
Type domain.Transaction is not enhanced.

[2021-10-19 10:14:32 #12 type.registry] 
New type java.util.Vector<java.lang.Object>

------------------------------------------------------------------------------------------------------------------------

[2021-10-19 10:14:50 #1 store] 
Database 'C:\Users\Sleekbook\Desktop\probaProiektua\Bets\Bets-master\src\main\resources\bets.temp' is opened by 11616@Hp

[2021-10-19 10:14:50 #2 type.registry] 
New type domain.User

[2021-10-19 10:14:50 #3 type] 
Type domain.User is not enhanced.

[2021-10-19 10:14:50 #4 type.registry] 
New type domain.Bezeroa

[2021-10-19 10:14:50 #5 type] 
Type domain.Bezeroa is not enhanced.

[2021-10-19 10:14:50 #6 type.registry] 
New type domain.Copy

[2021-10-19 10:14:50 #7 type.registry] 
New type java.util.Vector<domain.Copy>

[2021-10-19 10:14:50 #8 type.registry] 
New type domain.Transaction

[2021-10-19 10:14:50 #9 type.registry] 
New type java.util.Vector<domain.Transaction>

[2021-10-19 10:14:50 #10 type] 
Type domain.Copy is not enhanced.

[2021-10-19 10:14:50 #11 type] 
Type domain.Transaction is not enhanced.

[2021-10-19 10:14:50 #12 type.registry] 
New type java.util.Vector<java.lang.Object>

------------------------------------------------------------------------------------------------------------------------

[2021-10-19 10:14:57 #1 store] 
Database 'C:\Users\Sleekbook\Desktop\probaProiektua\Bets\Bets-master\src\main\resources\bets.temp' is opened by 10468@Hp

[2021-10-19 10:14:58 #2 type.registry] 
New type domain.User

[2021-10-19 10:14:58 #3 type] 
Type domain.User is not enhanced.

[2021-10-19 10:14:58 #4 type.registry] 
New type domain.Bezeroa

[2021-10-19 10:14:58 #5 type] 
Type domain.Bezeroa is not enhanced.

[2021-10-19 10:14:58 #6 type.registry] 
New type domain.Copy

[2021-10-19 10:14:58 #7 type.registry] 
New type java.util.Vector<domain.Copy>

[2021-10-19 10:14:58 #8 type.registry] 
New type domain.Transaction

[2021-10-19 10:14:58 #9 type.registry] 
New type java.util.Vector<domain.Transaction>

[2021-10-19 10:14:58 #10 type] 
Type domain.Copy is not enhanced.

[2021-10-19 10:14:58 #11 type] 
Type domain.Transaction is not enhanced.

[2021-10-19 10:14:58 #12 type.registry] 
New type java.util.Vector<java.lang.Object>

------------------------------------------------------------------------------------------------------------------------

[2021-10-19 10:15:16 #1 store] 
Database 'C:\Users\Sleekbook\Desktop\probaProiektua\Bets\Bets-master\src\main\resources\bets.temp' is opened by 7336@Hp

[2021-10-19 10:15:17 #2 type.registry] 
New type domain.User

[2021-10-19 10:15:17 #3 type] 
Type domain.User is not enhanced.

[2021-10-19 10:15:17 #4 type.registry] 
New type domain.Bezeroa

[2021-10-19 10:15:17 #5 type] 
Type domain.Bezeroa is not enhanced.

[2021-10-19 10:15:17 #6 type.registry] 
New type domain.Copy

[2021-10-19 10:15:17 #7 type.registry] 
New type java.util.Vector<domain.Copy>

[2021-10-19 10:15:17 #8 type.registry] 
New type domain.Transaction

[2021-10-19 10:15:17 #9 type.registry] 
New type java.util.Vector<domain.Transaction>

[2021-10-19 10:15:17 #10 type] 
Type domain.Copy is not enhanced.

[2021-10-19 10:15:17 #11 type] 
Type domain.Transaction is not enhanced.

[2021-10-19 10:15:17 #12 type.registry] 
New type java.util.Vector<java.lang.Object>

[2021-10-19 10:15:17 #13 type.registry] 
New type domain.TCashInOut

[2021-10-19 10:15:17 #14 type] 
Type domain.TCashInOut is not enhanced.

------------------------------------------------------------------------------------------------------------------------

[2021-10-19 10:15:26 #1 store] 
Database 'C:\Users\Sleekbook\Desktop\probaProiektua\Bets\Bets-master\src\main\resources\bets.temp' is opened by 12044@Hp

[2021-10-19 10:15:27 #2 type.registry] 
New type domain.User

[2021-10-19 10:15:27 #3 type] 
Type domain.User is not enhanced.

[2021-10-19 10:15:27 #4 type.registry] 
New type domain.Bezeroa

[2021-10-19 10:15:27 #5 type] 
Type domain.Bezeroa is not enhanced.

[2021-10-19 10:15:27 #6 type.registry] 
New type domain.Copy

[2021-10-19 10:15:27 #7 type.registry] 
New type java.util.Vector<domain.Copy>

[2021-10-19 10:15:27 #8 type.registry] 
New type domain.Transaction

[2021-10-19 10:15:27 #9 type.registry] 
New type java.util.Vector<domain.Transaction>

[2021-10-19 10:15:27 #10 type] 
Type domain.Copy is not enhanced.

[2021-10-19 10:15:27 #11 type] 
Type domain.Transaction is not enhanced.

[2021-10-19 10:15:27 #12 type.registry] 
New type java.util.Vector<java.lang.Object>

[2021-10-19 10:15:27 #13 type.registry] 
New type domain.TCashInOut

[2021-10-19 10:15:27 #14 type] 
Type domain.TCashInOut is not enhanced.

------------------------------------------------------------------------------------------------------------------------

[2021-10-19 10:15:46 #1 store] 
Database 'C:\Users\Sleekbook\Desktop\probaProiektua\Bets\Bets-master\src\main\resources\bets.temp' is opened by 11016@Hp

[2021-10-19 10:15:46 #2 type.registry] 
New type domain.User

[2021-10-19 10:15:46 #3 type] 
Type domain.User is not enhanced.

[2021-10-19 10:15:46 #4 type.registry] 
New type domain.Bezeroa

[2021-10-19 10:15:46 #5 type] 
Type domain.Bezeroa is not enhanced.

[2021-10-19 10:15:46 #6 type.registry] 
New type domain.Copy

[2021-10-19 10:15:46 #7 type.registry] 
New type java.util.Vector<domain.Copy>

[2021-10-19 10:15:46 #8 type.registry] 
New type domain.Transaction

[2021-10-19 10:15:46 #9 type.registry] 
New type java.util.Vector<domain.Transaction>

[2021-10-19 10:15:46 #10 type] 
Type domain.Copy is not enhanced.

[2021-10-19 10:15:46 #11 type] 
Type domain.Transaction is not enhanced.

[2021-10-19 10:15:46 #12 type.registry] 
New type java.util.Vector<java.lang.Object>

------------------------------------------------------------------------------------------------------------------------

[2021-10-19 10:15:55 #1 store] 
Database 'C:\Users\Sleekbook\Desktop\probaProiektua\Bets\Bets-master\src\main\resources\bets.temp' is opened by 1172@Hp

[2021-10-19 10:15:56 #2 type.registry] 
New type domain.User

[2021-10-19 10:15:56 #3 type] 
Type domain.User is not enhanced.

[2021-10-19 10:15:56 #4 type.registry] 
New type domain.Bezeroa

[2021-10-19 10:15:56 #5 type] 
Type domain.Bezeroa is not enhanced.

[2021-10-19 10:15:56 #6 type.registry] 
New type domain.Copy

[2021-10-19 10:15:56 #7 type.registry] 
New type java.util.Vector<domain.Copy>

[2021-10-19 10:15:56 #8 type.registry] 
New type domain.Transaction

[2021-10-19 10:15:56 #9 type.registry] 
New type java.util.Vector<domain.Transaction>

[2021-10-19 10:15:56 #10 type] 
Type domain.Copy is not enhanced.

[2021-10-19 10:15:56 #11 type] 
Type domain.Transaction is not enhanced.

[2021-10-19 10:15:56 #12 type.registry] 
New type java.util.Vector<java.lang.Object>

