------------------------------------------------------------------------------------------------------------------------

[2021-10-17 20:56:59 #1 store] 
Database 'C:\Users\Sleekbook\Desktop\probaProiektua\Bets\Bets-master\src\main\resources\bets.temp' is opened by 9196@Hp

[2021-10-17 20:56:59 #2 type.registry] 
New type domain.User

[2021-10-17 20:56:59 #3 type] 
Type domain.User is not enhanced.

[2021-10-17 20:56:59 #4 type.registry] 
New type domain.Bezeroa

[2021-10-17 20:56:59 #5 type] 
Type domain.Bezeroa is not enhanced.

[2021-10-17 20:56:59 #6 type.registry] 
New type domain.Copy

[2021-10-17 20:56:59 #7 type.registry] 
New type java.util.Vector<domain.Copy>

[2021-10-17 20:56:59 #8 type.registry] 
New type domain.Transaction

[2021-10-17 20:56:59 #9 type.registry] 
New type java.util.Vector<domain.Transaction>

[2021-10-17 20:56:59 #10 type] 
Type domain.Copy is not enhanced.

[2021-10-17 20:56:59 #11 type] 
Type domain.Transaction is not enhanced.

[2021-10-17 20:56:59 #12 type.registry] 
New type java.util.Vector<java.lang.Object>

[2021-10-17 20:57:00 #13 type.registry] 
New type domain.TCashInOut

[2021-10-17 20:57:00 #14 type] 
Type domain.TCashInOut is not enhanced.

------------------------------------------------------------------------------------------------------------------------

[2021-10-17 22:11:55 #1 store] 
Database 'C:\Users\Sleekbook\Desktop\probaProiektua\Bets\Bets-master\src\main\resources\bets.temp' is opened by 10560@Hp

[2021-10-17 22:11:55 #2 type.registry] 
New type domain.User

[2021-10-17 22:11:55 #3 type] 
Type domain.User is not enhanced.

[2021-10-17 22:11:55 #4 type.registry] 
New type domain.Bezeroa

[2021-10-17 22:11:55 #5 type] 
Type domain.Bezeroa is not enhanced.

[2021-10-17 22:11:55 #6 type.registry] 
New type domain.Copy

[2021-10-17 22:11:55 #7 type.registry] 
New type java.util.Vector<domain.Copy>

[2021-10-17 22:11:55 #8 type.registry] 
New type domain.Transaction

[2021-10-17 22:11:55 #9 type.registry] 
New type java.util.Vector<domain.Transaction>

[2021-10-17 22:11:55 #10 type] 
Type domain.Copy is not enhanced.

[2021-10-17 22:11:55 #11 type] 
Type domain.Transaction is not enhanced.

[2021-10-17 22:11:55 #12 type.registry] 
New type java.util.Vector<java.lang.Object>

[2021-10-17 22:11:55 #13 type.registry] 
New type domain.TCashInOut

[2021-10-17 22:11:55 #14 type] 
Type domain.TCashInOut is not enhanced.

