------------------------------------------------------------------------------------------------------------------------

[2021-10-28 12:33:53 #1 store] 
Database 'C:\Users\Sleekbook\Desktop\probaProiektua\Bets\Bets-master\src\main\resources\bets.temp' is opened by 9920@Hp

[2021-10-28 12:33:53 #2 type.registry] 
New type domain.User

[2021-10-28 12:33:53 #3 type] 
Type domain.User is not enhanced.

[2021-10-28 12:33:53 #4 type.registry] 
New type domain.Bezeroa

[2021-10-28 12:33:53 #5 type] 
Type domain.Bezeroa is not enhanced.

[2021-10-28 12:33:53 #6 type.registry] 
New type domain.Copy

[2021-10-28 12:33:53 #7 type.registry] 
New type java.util.Vector<domain.Copy>

[2021-10-28 12:33:53 #8 type.registry] 
New type domain.Transaction

[2021-10-28 12:33:53 #9 type.registry] 
New type java.util.Vector<domain.Transaction>

[2021-10-28 12:33:53 #10 type] 
Type domain.Copy is not enhanced.

[2021-10-28 12:33:53 #11 type] 
Type domain.Transaction is not enhanced.

[2021-10-28 12:33:53 #12 type.registry] 
New type java.util.Vector<java.lang.Object>

------------------------------------------------------------------------------------------------------------------------

[2021-10-28 12:34:30 #1 store] 
Database 'C:\Users\Sleekbook\Desktop\probaProiektua\Bets\Bets-master\src\main\resources\bets.temp' is opened by 9820@Hp

[2021-10-28 12:34:30 #2 type.registry] 
New type domain.User

[2021-10-28 12:34:30 #3 type] 
Type domain.User is not enhanced.

[2021-10-28 12:34:30 #4 type.registry] 
New type domain.Bezeroa

[2021-10-28 12:34:30 #5 type] 
Type domain.Bezeroa is not enhanced.

[2021-10-28 12:34:30 #6 type.registry] 
New type domain.Copy

[2021-10-28 12:34:30 #7 type.registry] 
New type java.util.Vector<domain.Copy>

[2021-10-28 12:34:30 #8 type.registry] 
New type domain.Transaction

[2021-10-28 12:34:30 #9 type.registry] 
New type java.util.Vector<domain.Transaction>

[2021-10-28 12:34:30 #10 type] 
Type domain.Copy is not enhanced.

[2021-10-28 12:34:30 #11 type] 
Type domain.Transaction is not enhanced.

[2021-10-28 12:34:30 #12 type.registry] 
New type java.util.Vector<java.lang.Object>

[2021-10-28 12:34:30 #13 type.registry] 
New type domain.TCashInOut

[2021-10-28 12:34:30 #14 type] 
Type domain.TCashInOut is not enhanced.

------------------------------------------------------------------------------------------------------------------------

[2021-10-28 12:34:55 #1 store] 
Database 'C:\Users\Sleekbook\Desktop\probaProiektua\Bets\Bets-master\src\main\resources\bets.temp' is opened by 4744@Hp

[2021-10-28 12:34:56 #2 type.registry] 
New type domain.User

[2021-10-28 12:34:56 #3 type] 
Type domain.User is not enhanced.

[2021-10-28 12:34:56 #4 type.registry] 
New type domain.Bezeroa

[2021-10-28 12:34:56 #5 type] 
Type domain.Bezeroa is not enhanced.

[2021-10-28 12:34:56 #6 type.registry] 
New type domain.Copy

[2021-10-28 12:34:56 #7 type.registry] 
New type java.util.Vector<domain.Copy>

[2021-10-28 12:34:56 #8 type.registry] 
New type domain.Transaction

[2021-10-28 12:34:56 #9 type.registry] 
New type java.util.Vector<domain.Transaction>

[2021-10-28 12:34:56 #10 type] 
Type domain.Copy is not enhanced.

[2021-10-28 12:34:56 #11 type] 
Type domain.Transaction is not enhanced.

[2021-10-28 12:34:56 #12 type.registry] 
New type java.util.Vector<java.lang.Object>

