2021-11-06 01:10:40,363 [Worker-5: Loading available Gradle versions] INFO  o.e.b.c.i.u.g.PublishedGradleVersions - Gradle version information cache is up-to-date. Trying to read.
2021-11-06 01:25:07,799 [Worker-13: Building] INFO  o.e.m.c.i.l.LifecycleMappingFactory - Using org.eclipse.m2e.jdt.JarLifecycleMapping lifecycle mapping for MavenProject: Bets21:Bets21:0.0.1-SNAPSHOT @ C:\Users\Sleekbook\Desktop\bets2122\Bets2122\Bets\pom.xml.
2021-11-06 01:25:08,046 [Worker-13: Building] WARN  o.e.m.c.i.embedder.EclipseLogger - The POM for org.glassfish.gmbal:gmbal:jar:4.0.0 is invalid, transitive dependencies (if any) will not be available, enable debug logging for more details
2021-11-06 01:25:08,883 [Worker-13: Building] WARN  o.e.m.c.i.embedder.EclipseLogger - Using platform encoding (Cp1252 actually) to copy filtered resources, i.e. build is platform dependent!
2021-11-06 01:25:08,887 [Worker-13: Building] INFO  o.e.m.c.i.embedder.EclipseLogger - skip non existing resourceDirectory C:\Users\Sleekbook\Desktop\bets2122\Bets2122\Bets\src\main\resources
2021-11-06 01:25:08,891 [Worker-13: Building] WARN  o.e.m.c.i.embedder.EclipseLogger - Using platform encoding (Cp1252 actually) to copy filtered resources, i.e. build is platform dependent!
2021-11-06 01:25:08,957 [Worker-13: Building] INFO  o.e.m.c.i.embedder.EclipseLogger - skip non existing resourceDirectory C:\Users\Sleekbook\Desktop\bets2122\Bets2122\Bets\src\test\resources
2021-11-06 01:26:07,281 [Worker-14: Building] WARN  o.e.m.c.i.embedder.EclipseLogger - The POM for org.glassfish.gmbal:gmbal:jar:4.0.0 is invalid, transitive dependencies (if any) will not be available, enable debug logging for more details
2021-11-06 01:26:07,356 [Worker-14: Building] WARN  o.e.m.c.i.embedder.EclipseLogger - Using platform encoding (Cp1252 actually) to copy filtered resources, i.e. build is platform dependent!
2021-11-06 01:26:07,375 [Worker-14: Building] INFO  o.e.m.c.i.embedder.EclipseLogger - Copying 19 resources
2021-11-06 01:26:07,541 [Worker-14: Building] WARN  o.e.m.c.i.embedder.EclipseLogger - Using platform encoding (Cp1252 actually) to copy filtered resources, i.e. build is platform dependent!
2021-11-06 01:26:07,543 [Worker-14: Building] INFO  o.e.m.c.i.embedder.EclipseLogger - skip non existing resourceDirectory C:\Users\Sleekbook\Desktop\bets2122\Bets2122\Bets\src\test\resources
2021-11-06 01:35:50,426 [Worker-17: Building] WARN  o.e.m.c.i.embedder.EclipseLogger - Using platform encoding (Cp1252 actually) to copy filtered resources, i.e. build is platform dependent!
2021-11-06 01:35:50,431 [Worker-17: Building] INFO  o.e.m.c.i.embedder.EclipseLogger - Copying 2 resources
2021-11-06 01:35:50,518 [Worker-17: Building] WARN  o.e.m.c.i.embedder.EclipseLogger - Using platform encoding (Cp1252 actually) to copy filtered resources, i.e. build is platform dependent!
2021-11-06 01:35:50,520 [Worker-17: Building] INFO  o.e.m.c.i.embedder.EclipseLogger - skip non existing resourceDirectory C:\Users\Sleekbook\Desktop\bets2122\Bets2122\Bets\src\test\resources
2021-11-06 01:36:55,805 [Worker-11: Building] ERROR o.e.m.c.i.p.r.ProjectRegistryManager - Could not read pom.xml
org.eclipse.core.runtime.CoreException: Could not read pom.xml
	at org.eclipse.m2e.core.internal.embedder.MavenImpl.readModel(MavenImpl.java:560)
	at org.eclipse.m2e.core.internal.project.registry.ProjectRegistryManager.refreshPhase2(ProjectRegistryManager.java:562)
	at org.eclipse.m2e.core.internal.project.registry.ProjectRegistryManager.refresh(ProjectRegistryManager.java:518)
	at org.eclipse.m2e.core.internal.project.registry.ProjectRegistryManager.refresh(ProjectRegistryManager.java:364)
	at org.eclipse.m2e.core.internal.project.registry.ProjectRegistryManager.refresh(ProjectRegistryManager.java:315)
	at org.eclipse.m2e.core.internal.builder.MavenBuilder$BuildMethod.getProjectFacade(MavenBuilder.java:151)
	at org.eclipse.m2e.core.internal.builder.MavenBuilder$BuildMethod.lambda$0(MavenBuilder.java:89)
	at org.eclipse.m2e.core.internal.embedder.MavenExecutionContext.executeBare(MavenExecutionContext.java:179)
	at org.eclipse.m2e.core.internal.embedder.MavenExecutionContext.execute(MavenExecutionContext.java:153)
	at org.eclipse.m2e.core.internal.embedder.MavenExecutionContext.execute(MavenExecutionContext.java:101)
	at org.eclipse.m2e.core.internal.builder.MavenBuilder$BuildMethod.execute(MavenBuilder.java:88)
	at org.eclipse.m2e.core.internal.builder.MavenBuilder.build(MavenBuilder.java:197)
	at org.eclipse.core.internal.events.BuildManager$2.run(BuildManager.java:853)
	at org.eclipse.core.runtime.SafeRunner.run(SafeRunner.java:45)
	at org.eclipse.core.internal.events.BuildManager.basicBuild(BuildManager.java:232)
	at org.eclipse.core.internal.events.BuildManager.basicBuild(BuildManager.java:281)
	at org.eclipse.core.internal.events.BuildManager$1.run(BuildManager.java:334)
	at org.eclipse.core.runtime.SafeRunner.run(SafeRunner.java:45)
	at org.eclipse.core.internal.events.BuildManager.basicBuild(BuildManager.java:337)
	at org.eclipse.core.internal.events.BuildManager.basicBuildLoop(BuildManager.java:389)
	at org.eclipse.core.internal.events.BuildManager.build(BuildManager.java:410)
	at org.eclipse.core.internal.events.AutoBuildJob.doBuild(AutoBuildJob.java:160)
	at org.eclipse.core.internal.events.AutoBuildJob.run(AutoBuildJob.java:251)
	at org.eclipse.core.internal.jobs.Worker.run(Worker.java:63)
Caused by: org.apache.maven.model.io.ModelParseException: expected START_TAG or END_TAG not TEXT (position: TEXT seen ...tware Ingeniaritza II\r\nEtengabeko Integrazio Ingurunea\r\n13\r\n\t\t\t\t<s... @45:7) 
	at org.apache.maven.model.io.DefaultModelReader.read(DefaultModelReader.java:117)
	at org.apache.maven.model.io.DefaultModelReader.read(DefaultModelReader.java:85)
	at org.eclipse.m2e.core.internal.embedder.MavenImpl.readModel(MavenImpl.java:558)
	... 23 common frames omitted
Caused by: org.codehaus.plexus.util.xml.pull.XmlPullParserException: expected START_TAG or END_TAG not TEXT (position: TEXT seen ...tware Ingeniaritza II\r\nEtengabeko Integrazio Ingurunea\r\n13\r\n\t\t\t\t<s... @45:7) 
	at org.codehaus.plexus.util.xml.pull.MXParser.nextTag(MXParser.java:1309)
	at org.apache.maven.model.io.xpp3.MavenXpp3Reader.parseModel(MavenXpp3Reader.java:2220)
	at org.apache.maven.model.io.xpp3.MavenXpp3Reader.read(MavenXpp3Reader.java:3872)
	at org.apache.maven.model.io.xpp3.MavenXpp3Reader.read(MavenXpp3Reader.java:595)
	at org.apache.maven.model.io.DefaultModelReader.read(DefaultModelReader.java:112)
	... 25 common frames omitted
2021-11-06 01:36:58,283 [Worker-17: Building] ERROR o.e.m.c.i.p.r.ProjectRegistryManager - Could not read pom.xml
org.eclipse.core.runtime.CoreException: Could not read pom.xml
	at org.eclipse.m2e.core.internal.embedder.MavenImpl.readModel(MavenImpl.java:560)
	at org.eclipse.m2e.core.internal.project.registry.ProjectRegistryManager.refreshPhase2(ProjectRegistryManager.java:562)
	at org.eclipse.m2e.core.internal.project.registry.ProjectRegistryManager.refresh(ProjectRegistryManager.java:518)
	at org.eclipse.m2e.core.internal.project.registry.ProjectRegistryManager.refresh(ProjectRegistryManager.java:364)
	at org.eclipse.m2e.core.internal.project.registry.ProjectRegistryManager.refresh(ProjectRegistryManager.java:315)
	at org.eclipse.m2e.core.internal.builder.MavenBuilder$BuildMethod.getProjectFacade(MavenBuilder.java:151)
	at org.eclipse.m2e.core.internal.builder.MavenBuilder$BuildMethod.lambda$0(MavenBuilder.java:89)
	at org.eclipse.m2e.core.internal.embedder.MavenExecutionContext.executeBare(MavenExecutionContext.java:179)
	at org.eclipse.m2e.core.internal.embedder.MavenExecutionContext.execute(MavenExecutionContext.java:153)
	at org.eclipse.m2e.core.internal.embedder.MavenExecutionContext.execute(MavenExecutionContext.java:101)
	at org.eclipse.m2e.core.internal.builder.MavenBuilder$BuildMethod.execute(MavenBuilder.java:88)
	at org.eclipse.m2e.core.internal.builder.MavenBuilder.build(MavenBuilder.java:197)
	at org.eclipse.core.internal.events.BuildManager$2.run(BuildManager.java:853)
	at org.eclipse.core.runtime.SafeRunner.run(SafeRunner.java:45)
	at org.eclipse.core.internal.events.BuildManager.basicBuild(BuildManager.java:232)
	at org.eclipse.core.internal.events.BuildManager.basicBuild(BuildManager.java:281)
	at org.eclipse.core.internal.events.BuildManager$1.run(BuildManager.java:334)
	at org.eclipse.core.runtime.SafeRunner.run(SafeRunner.java:45)
	at org.eclipse.core.internal.events.BuildManager.basicBuild(BuildManager.java:337)
	at org.eclipse.core.internal.events.BuildManager.basicBuildLoop(BuildManager.java:389)
	at org.eclipse.core.internal.events.BuildManager.build(BuildManager.java:410)
	at org.eclipse.core.internal.events.AutoBuildJob.doBuild(AutoBuildJob.java:160)
	at org.eclipse.core.internal.events.AutoBuildJob.run(AutoBuildJob.java:251)
	at org.eclipse.core.internal.jobs.Worker.run(Worker.java:63)
Caused by: org.apache.maven.model.io.ModelParseException: expected START_TAG or END_TAG not TEXT (position: TEXT seen ...tware Ingeniaritza II\r\nEtengabeko Integrazio Ingurunea\r\n13\r\n\t\t\t\t<s... @45:7) 
	at org.apache.maven.model.io.DefaultModelReader.read(DefaultModelReader.java:117)
	at org.apache.maven.model.io.DefaultModelReader.read(DefaultModelReader.java:85)
	at org.eclipse.m2e.core.internal.embedder.MavenImpl.readModel(MavenImpl.java:558)
	... 23 common frames omitted
Caused by: org.codehaus.plexus.util.xml.pull.XmlPullParserException: expected START_TAG or END_TAG not TEXT (position: TEXT seen ...tware Ingeniaritza II\r\nEtengabeko Integrazio Ingurunea\r\n13\r\n\t\t\t\t<s... @45:7) 
	at org.codehaus.plexus.util.xml.pull.MXParser.nextTag(MXParser.java:1309)
	at org.apache.maven.model.io.xpp3.MavenXpp3Reader.parseModel(MavenXpp3Reader.java:2220)
	at org.apache.maven.model.io.xpp3.MavenXpp3Reader.read(MavenXpp3Reader.java:3872)
	at org.apache.maven.model.io.xpp3.MavenXpp3Reader.read(MavenXpp3Reader.java:595)
	at org.apache.maven.model.io.DefaultModelReader.read(DefaultModelReader.java:112)
	... 25 common frames omitted
2021-11-06 01:37:14,808 [Worker-15: reload maven project] WARN  o.e.m.c.i.embedder.EclipseLogger - The POM for org.glassfish.gmbal:gmbal:jar:4.0.0 is invalid, transitive dependencies (if any) will not be available, enable debug logging for more details
2021-11-06 01:37:15,030 [Worker-15: reload maven project] WARN  o.e.m.c.i.embedder.EclipseLogger - The POM for org.glassfish.gmbal:gmbal:jar:4.0.0 is invalid, transitive dependencies (if any) will not be available, enable debug logging for more details
2021-11-06 01:37:15,805 [Worker-11: Building] INFO  o.e.m.c.i.l.LifecycleMappingFactory - Using org.eclipse.m2e.jdt.JarLifecycleMapping lifecycle mapping for MavenProject: upv-ehu-iso2:Monopoly:0.0.1-SNAPSHOT @ C:\Users\Sleekbook\Desktop\bets2122\Bets2122\Bets\pom.xml.
2021-11-06 01:37:15,898 [Worker-11: Building] WARN  o.e.m.c.i.embedder.EclipseLogger - The POM for org.glassfish.gmbal:gmbal:jar:4.0.0 is invalid, transitive dependencies (if any) will not be available, enable debug logging for more details
2021-11-06 01:37:16,325 [Worker-11: Building] WARN  o.e.m.c.i.embedder.EclipseLogger - Using platform encoding (Cp1252 actually) to copy filtered resources, i.e. build is platform dependent!
2021-11-06 01:37:16,329 [Worker-11: Building] INFO  o.e.m.c.i.embedder.EclipseLogger - Copying 0 resource
2021-11-06 01:37:16,334 [Worker-11: Building] WARN  o.e.m.c.i.embedder.EclipseLogger - Using platform encoding (Cp1252 actually) to copy filtered resources, i.e. build is platform dependent!
2021-11-06 01:37:16,335 [Worker-11: Building] INFO  o.e.m.c.i.embedder.EclipseLogger - skip non existing resourceDirectory C:\Users\Sleekbook\Desktop\bets2122\Bets2122\Bets\src\test\resources
2021-11-06 01:37:18,439 [Worker-3: Building] WARN  o.e.m.c.i.embedder.EclipseLogger - The POM for org.glassfish.gmbal:gmbal:jar:4.0.0 is invalid, transitive dependencies (if any) will not be available, enable debug logging for more details
2021-11-06 01:37:18,509 [Worker-3: Building] WARN  o.e.m.c.i.embedder.EclipseLogger - Using platform encoding (Cp1252 actually) to copy filtered resources, i.e. build is platform dependent!
2021-11-06 01:37:18,523 [Worker-3: Building] INFO  o.e.m.c.i.embedder.EclipseLogger - Copying 20 resources
2021-11-06 01:37:18,690 [Worker-3: Building] WARN  o.e.m.c.i.embedder.EclipseLogger - Using platform encoding (Cp1252 actually) to copy filtered resources, i.e. build is platform dependent!
2021-11-06 01:37:18,691 [Worker-3: Building] INFO  o.e.m.c.i.embedder.EclipseLogger - skip non existing resourceDirectory C:\Users\Sleekbook\Desktop\bets2122\Bets2122\Bets\src\test\resources
2021-11-06 01:37:22,249 [Worker-11: Building] INFO  o.e.m.c.i.l.LifecycleMappingFactory - Using org.eclipse.m2e.jdt.JarLifecycleMapping lifecycle mapping for MavenProject: upv-ehu-iso2::0.0.1-SNAPSHOT @ C:\Users\Sleekbook\Desktop\bets2122\Bets2122\Bets\pom.xml.
2021-11-06 01:37:22,348 [Worker-11: Building] WARN  o.e.m.c.i.embedder.EclipseLogger - The POM for org.glassfish.gmbal:gmbal:jar:4.0.0 is invalid, transitive dependencies (if any) will not be available, enable debug logging for more details
2021-11-06 01:37:22,671 [Worker-11: Building] WARN  o.e.m.c.i.embedder.EclipseLogger - Using platform encoding (Cp1252 actually) to copy filtered resources, i.e. build is platform dependent!
2021-11-06 01:37:22,675 [Worker-11: Building] INFO  o.e.m.c.i.embedder.EclipseLogger - Copying 0 resource
2021-11-06 01:37:22,678 [Worker-11: Building] WARN  o.e.m.c.i.embedder.EclipseLogger - Using platform encoding (Cp1252 actually) to copy filtered resources, i.e. build is platform dependent!
2021-11-06 01:37:22,680 [Worker-11: Building] INFO  o.e.m.c.i.embedder.EclipseLogger - skip non existing resourceDirectory C:\Users\Sleekbook\Desktop\bets2122\Bets2122\Bets\src\test\resources
2021-11-06 01:38:16,263 [Worker-19: reload maven project] WARN  o.e.m.c.i.embedder.EclipseLogger - The POM for org.glassfish.gmbal:gmbal:jar:4.0.0 is invalid, transitive dependencies (if any) will not be available, enable debug logging for more details
2021-11-06 01:38:16,917 [Worker-11: Building] INFO  o.e.m.c.i.l.LifecycleMappingFactory - Using org.eclipse.m2e.jdt.JarLifecycleMapping lifecycle mapping for MavenProject: upv-ehu-iso2:Bets2122:0.0.1-SNAPSHOT @ C:\Users\Sleekbook\Desktop\bets2122\Bets2122\Bets\pom.xml.
2021-11-06 01:38:16,977 [Worker-11: Building] WARN  o.e.m.c.i.embedder.EclipseLogger - The POM for org.glassfish.gmbal:gmbal:jar:4.0.0 is invalid, transitive dependencies (if any) will not be available, enable debug logging for more details
2021-11-06 01:38:17,252 [Worker-11: Building] WARN  o.e.m.c.i.embedder.EclipseLogger - Using platform encoding (Cp1252 actually) to copy filtered resources, i.e. build is platform dependent!
2021-11-06 01:38:17,256 [Worker-11: Building] INFO  o.e.m.c.i.embedder.EclipseLogger - Copying 0 resource
2021-11-06 01:38:17,260 [Worker-11: Building] WARN  o.e.m.c.i.embedder.EclipseLogger - Using platform encoding (Cp1252 actually) to copy filtered resources, i.e. build is platform dependent!
2021-11-06 01:38:17,261 [Worker-11: Building] INFO  o.e.m.c.i.embedder.EclipseLogger - skip non existing resourceDirectory C:\Users\Sleekbook\Desktop\bets2122\Bets2122\Bets\src\test\resources
2021-11-06 01:40:03,260 [Worker-15: reload maven project] WARN  o.e.m.c.i.embedder.EclipseLogger - The POM for org.glassfish.gmbal:gmbal:jar:4.0.0 is invalid, transitive dependencies (if any) will not be available, enable debug logging for more details
2021-11-06 01:40:04,213 [Worker-3: Building] INFO  o.e.m.c.i.l.LifecycleMappingFactory - Using org.eclipse.m2e.jdt.JarLifecycleMapping lifecycle mapping for MavenProject: upv-ehu-iso2:Bets2122:0.0.1-SNAPSHOT @ C:\Users\Sleekbook\Desktop\bets2122\Bets2122\Bets\pom.xml.
2021-11-06 01:40:04,444 [Worker-3: Building] WARN  o.e.m.c.i.embedder.EclipseLogger - The POM for org.glassfish.gmbal:gmbal:jar:4.0.0 is invalid, transitive dependencies (if any) will not be available, enable debug logging for more details
2021-11-06 01:40:04,791 [Worker-3: Building] WARN  o.e.m.c.i.embedder.EclipseLogger - Using platform encoding (Cp1252 actually) to copy filtered resources, i.e. build is platform dependent!
2021-11-06 01:40:04,795 [Worker-3: Building] INFO  o.e.m.c.i.embedder.EclipseLogger - Copying 0 resource
2021-11-06 01:40:04,800 [Worker-3: Building] WARN  o.e.m.c.i.embedder.EclipseLogger - Using platform encoding (Cp1252 actually) to copy filtered resources, i.e. build is platform dependent!
2021-11-06 01:40:04,805 [Worker-3: Building] INFO  o.e.m.c.i.embedder.EclipseLogger - skip non existing resourceDirectory C:\Users\Sleekbook\Desktop\bets2122\Bets2122\Bets\src\test\resources
2021-11-06 01:40:34,497 [Worker-11: reload maven project] WARN  o.e.m.c.i.embedder.EclipseLogger - The POM for org.glassfish.gmbal:gmbal:jar:4.0.0 is invalid, transitive dependencies (if any) will not be available, enable debug logging for more details
2021-11-06 01:40:34,969 [Worker-3: Building] INFO  o.e.m.c.i.l.LifecycleMappingFactory - Using org.eclipse.m2e.jdt.JarLifecycleMapping lifecycle mapping for MavenProject: upv-ehu-iso2:Bets2122:0.0.1-SNAPSHOT @ C:\Users\Sleekbook\Desktop\bets2122\Bets2122\Bets\pom.xml.
2021-11-06 01:40:35,030 [Worker-3: Building] WARN  o.e.m.c.i.embedder.EclipseLogger - The POM for org.glassfish.gmbal:gmbal:jar:4.0.0 is invalid, transitive dependencies (if any) will not be available, enable debug logging for more details
2021-11-06 01:40:35,454 [Worker-3: Building] WARN  o.e.m.c.i.embedder.EclipseLogger - Using platform encoding (Cp1252 actually) to copy filtered resources, i.e. build is platform dependent!
2021-11-06 01:40:35,460 [Worker-3: Building] INFO  o.e.m.c.i.embedder.EclipseLogger - Copying 0 resource
2021-11-06 01:40:35,463 [Worker-3: Building] WARN  o.e.m.c.i.embedder.EclipseLogger - Using platform encoding (Cp1252 actually) to copy filtered resources, i.e. build is platform dependent!
2021-11-06 01:40:35,465 [Worker-3: Building] INFO  o.e.m.c.i.embedder.EclipseLogger - skip non existing resourceDirectory C:\Users\Sleekbook\Desktop\bets2122\Bets2122\Bets\src\test\resources
2021-11-06 01:40:51,156 [Worker-18: reload maven project] WARN  o.e.m.c.i.embedder.EclipseLogger - The POM for org.glassfish.gmbal:gmbal:jar:4.0.0 is invalid, transitive dependencies (if any) will not be available, enable debug logging for more details
2021-11-06 01:40:51,978 [Worker-11: Building] INFO  o.e.m.c.i.l.LifecycleMappingFactory - Using org.eclipse.m2e.jdt.JarLifecycleMapping lifecycle mapping for MavenProject: upv-ehu-iso2:Bets2122:0.0.1-SNAPSHOT @ C:\Users\Sleekbook\Desktop\bets2122\Bets2122\Bets\pom.xml.
2021-11-06 01:40:52,040 [Worker-11: Building] WARN  o.e.m.c.i.embedder.EclipseLogger - The POM for org.glassfish.gmbal:gmbal:jar:4.0.0 is invalid, transitive dependencies (if any) will not be available, enable debug logging for more details
2021-11-06 01:40:52,260 [Worker-11: Building] WARN  o.e.m.c.i.embedder.EclipseLogger - Using platform encoding (Cp1252 actually) to copy filtered resources, i.e. build is platform dependent!
2021-11-06 01:40:52,262 [Worker-11: Building] INFO  o.e.m.c.i.embedder.EclipseLogger - Copying 0 resource
2021-11-06 01:40:52,265 [Worker-11: Building] WARN  o.e.m.c.i.embedder.EclipseLogger - Using platform encoding (Cp1252 actually) to copy filtered resources, i.e. build is platform dependent!
2021-11-06 01:40:52,267 [Worker-11: Building] INFO  o.e.m.c.i.embedder.EclipseLogger - skip non existing resourceDirectory C:\Users\Sleekbook\Desktop\bets2122\Bets2122\Bets\src\test\resources
2021-11-06 01:41:37,328 [Worker-18: reload maven project] WARN  o.e.m.c.i.embedder.EclipseLogger - The POM for org.glassfish.gmbal:gmbal:jar:4.0.0 is invalid, transitive dependencies (if any) will not be available, enable debug logging for more details
2021-11-06 01:41:37,719 [Worker-18: Building] INFO  o.e.m.c.i.l.LifecycleMappingFactory - Using org.eclipse.m2e.jdt.JarLifecycleMapping lifecycle mapping for MavenProject: upv-ehu-iso2:Bets2122:0.0.1-SNAPSHOT @ C:\Users\Sleekbook\Desktop\bets2122\Bets2122\Bets\pom.xml.
2021-11-06 01:41:37,779 [Worker-18: Building] WARN  o.e.m.c.i.embedder.EclipseLogger - The POM for org.glassfish.gmbal:gmbal:jar:4.0.0 is invalid, transitive dependencies (if any) will not be available, enable debug logging for more details
2021-11-06 01:41:38,070 [Worker-18: Building] WARN  o.e.m.c.i.embedder.EclipseLogger - Using platform encoding (Cp1252 actually) to copy filtered resources, i.e. build is platform dependent!
2021-11-06 01:41:38,074 [Worker-18: Building] INFO  o.e.m.c.i.embedder.EclipseLogger - Copying 0 resource
2021-11-06 01:41:38,077 [Worker-18: Building] WARN  o.e.m.c.i.embedder.EclipseLogger - Using platform encoding (Cp1252 actually) to copy filtered resources, i.e. build is platform dependent!
2021-11-06 01:41:38,078 [Worker-18: Building] INFO  o.e.m.c.i.embedder.EclipseLogger - skip non existing resourceDirectory C:\Users\Sleekbook\Desktop\bets2122\Bets2122\Bets\src\test\resources
2021-11-06 01:44:55,409 [Worker-18: Launching sonar update] INFO  o.e.m.i.launch.MavenLaunchDelegate - C:\Users\Sleekbook\Desktop\bets2122\Bets2122\Bets
2021-11-06 01:44:55,410 [Worker-18: Launching sonar update] INFO  o.e.m.i.launch.MavenLaunchDelegate -  mvn -B clean org.jacoco:jacoco-maven-plugin:prepare-agent org.jacoco:jacoco-maven-plugin:report install sonar:sonar
2021-11-06 01:51:15,244 [Worker-15: reload maven project] WARN  o.e.m.c.i.embedder.EclipseLogger - The POM for org.glassfish.gmbal:gmbal:jar:4.0.0 is invalid, transitive dependencies (if any) will not be available, enable debug logging for more details
2021-11-06 01:51:17,410 [Worker-20: Building] INFO  o.e.m.c.i.l.LifecycleMappingFactory - Using org.eclipse.m2e.jdt.JarLifecycleMapping lifecycle mapping for MavenProject: upv-ehu-iso2:Bets2122:0.0.1-SNAPSHOT @ C:\Users\Sleekbook\Desktop\bets2122\Bets2122\Bets\pom.xml.
2021-11-06 01:51:17,469 [Worker-20: Building] WARN  o.e.m.c.i.embedder.EclipseLogger - The POM for org.glassfish.gmbal:gmbal:jar:4.0.0 is invalid, transitive dependencies (if any) will not be available, enable debug logging for more details
2021-11-06 01:51:17,795 [Worker-20: Building] WARN  o.e.m.c.i.embedder.EclipseLogger - Using platform encoding (Cp1252 actually) to copy filtered resources, i.e. build is platform dependent!
2021-11-06 01:51:17,798 [Worker-20: Building] INFO  o.e.m.c.i.embedder.EclipseLogger - Copying 0 resource
2021-11-06 01:51:17,801 [Worker-20: Building] WARN  o.e.m.c.i.embedder.EclipseLogger - Using platform encoding (Cp1252 actually) to copy filtered resources, i.e. build is platform dependent!
2021-11-06 01:51:17,803 [Worker-20: Building] INFO  o.e.m.c.i.embedder.EclipseLogger - skip non existing resourceDirectory C:\Users\Sleekbook\Desktop\bets2122\Bets2122\Bets\src\test\resources
2021-11-06 01:51:37,144 [Worker-3: Launching sonar update] INFO  o.e.m.i.launch.MavenLaunchDelegate - C:\Users\Sleekbook\Desktop\bets2122\Bets2122\Bets
2021-11-06 01:51:37,144 [Worker-3: Launching sonar update] INFO  o.e.m.i.launch.MavenLaunchDelegate -  mvn -B clean org.jacoco:jacoco-maven-plugin:prepare-agent org.jacoco:jacoco-maven-plugin:report install sonar:sonar
2021-11-06 02:09:30,044 [Worker-15: Building] WARN  o.e.m.c.i.embedder.EclipseLogger - The POM for org.glassfish.gmbal:gmbal:jar:4.0.0 is invalid, transitive dependencies (if any) will not be available, enable debug logging for more details
2021-11-06 02:09:30,102 [Worker-15: Building] WARN  o.e.m.c.i.embedder.EclipseLogger - Using platform encoding (Cp1252 actually) to copy filtered resources, i.e. build is platform dependent!
2021-11-06 02:09:30,108 [Worker-15: Building] INFO  o.e.m.c.i.embedder.EclipseLogger - Copying 20 resources
2021-11-06 02:09:30,151 [Worker-15: Building] WARN  o.e.m.c.i.embedder.EclipseLogger - Using platform encoding (Cp1252 actually) to copy filtered resources, i.e. build is platform dependent!
2021-11-06 02:09:30,152 [Worker-15: Building] INFO  o.e.m.c.i.embedder.EclipseLogger - skip non existing resourceDirectory C:\Users\Sleekbook\Desktop\bets2122\Bets2122\Bets\src\test\resources
